{
  "RSpec": {
    "coverage": {
      "/Users/tamal/Documents/University/ums1/spec/support/factory_bot.rb": [
        null,
        null,
        1,
        1,
        null
      ],
      "/Users/tamal/Documents/University/ums1/app/helpers/application_helper.rb": [
        null,
        null,
        1,
        null
      ],
      "/Users/tamal/Documents/University/ums1/app/helpers/courses_helper.rb": [
        null,
        null,
        1,
        null
      ],
      "/Users/tamal/Documents/University/ums1/app/helpers/departments_helper.rb": [
        null,
        null,
        1,
        null
      ],
      "/Users/tamal/Documents/University/ums1/app/helpers/faculties_helper.rb": [
        null,
        null,
        1,
        null
      ],
      "/Users/tamal/Documents/University/ums1/app/helpers/students_helper.rb": [
        null,
        null,
        1,
        null
      ],
      "/Users/tamal/Documents/University/ums1/app/helpers/w_elcome_helper.rb": [
        null,
        null,
        1,
        null
      ],
      "/Users/tamal/Documents/University/ums1/app/helpers/welcome_helper.rb": [
        null,
        null,
        1,
        null
      ],
      "/Users/tamal/Documents/University/ums1/app/controllers/courses_controller.rb": [
        null,
        null,
        1,
        1,
        1,
        1,
        1,
        1,
        null,
        null,
        1,
        2,
        2,
        null,
        null,
        1,
        1,
        null,
        null,
        1,
        1,
        null,
        null,
        1,
        1,
        1,
        1,
        null,
        null,
        0,
        null,
        null,
        null,
        1,
        3,
        null,
        3,
        3,
        null,
        0,
        null,
        null,
        null,
        1,
        2,
        2,
        2,
        2,
        null,
        null,
        1,
        null,
        1,
        4,
        null,
        null,
        1,
        null
      ],
      "/Users/tamal/Documents/University/ums1/app/controllers/application_controller.rb": [
        null,
        null,
        1,
        null
      ],
      "/Users/tamal/Documents/University/ums1/spec/controllers/departments_controller_spec.rb": [
        null,
        null,
        1,
        null,
        1,
        6,
        null,
        1,
        1,
        1,
        1,
        null,
        null,
        null,
        1,
        3,
        1,
        1,
        1,
        null,
        1,
        1,
        1,
        null,
        null,
        null,
        1,
        1,
        1,
        1,
        null,
        null,
        null,
        1,
        1,
        1,
        1,
        1,
        null,
        null,
        null,
        1,
        1,
        2,
        1,
        1,
        1,
        null,
        null,
        null,
        null,
        null,
        1,
        1,
        1,
        3,
        null,
        null,
        null,
        1,
        1,
        1,
        null,
        null,
        1,
        1,
        1,
        1,
        null,
        null,
        1,
        1,
        1,
        null,
        null,
        null,
        null,
        1,
        1,
        1,
        1,
        1,
        null,
        null,
        null,
        1,
        1,
        1,
        null,
        null,
        null
      ],
      "/Users/tamal/Documents/University/ums1/app/controllers/departments_controller.rb": [
        null,
        null,
        1,
        1,
        1,
        null,
        null,
        1,
        null,
        1,
        1,
        null,
        null,
        1,
        1,
        null,
        null,
        1,
        1,
        null,
        1,
        1,
        null,
        0,
        null,
        null,
        null,
        1,
        3,
        null,
        3,
        3,
        null,
        0,
        null,
        null,
        null,
        1,
        2,
        2,
        null,
        2,
        null,
        null,
        1,
        null,
        1,
        4,
        null,
        null
      ],
      "/Users/tamal/Documents/University/ums1/spec/controllers/faculties_controller_spec.rb": [
        null,
        null,
        1,
        null,
        1,
        12,
        null,
        1,
        1,
        null,
        1,
        1,
        null,
        null,
        null,
        1,
        3,
        1,
        1,
        1,
        null,
        1,
        1,
        1,
        null,
        null,
        null,
        1,
        1,
        1,
        1,
        null,
        null,
        null,
        1,
        1,
        1,
        1,
        1,
        null,
        null,
        null,
        1,
        1,
        2,
        1,
        1,
        1,
        null,
        null,
        null,
        null,
        null,
        1,
        1,
        1,
        3,
        null,
        null,
        null,
        null,
        1,
        1,
        1,
        null,
        null,
        1,
        1,
        1,
        1,
        1,
        null,
        null,
        1,
        1,
        1,
        null,
        null,
        null,
        null,
        1,
        1,
        1,
        1,
        1,
        null,
        null,
        null,
        1,
        1,
        1,
        null,
        null,
        null
      ],
      "/Users/tamal/Documents/University/ums1/app/controllers/faculties_controller.rb": [
        null,
        null,
        1,
        1,
        1,
        1,
        1,
        null,
        null,
        1,
        null,
        1,
        1,
        null,
        null,
        1,
        1,
        null,
        null,
        1,
        1,
        1,
        1,
        null,
        0,
        null,
        null,
        null,
        1,
        3,
        null,
        3,
        3,
        null,
        0,
        null,
        null,
        null,
        1,
        2,
        2,
        2,
        2,
        null,
        null,
        1,
        null,
        1,
        4,
        null,
        null
      ],
      "/Users/tamal/Documents/University/ums1/spec/controllers/students_controller_spec.rb": [
        null,
        null,
        1,
        null,
        1,
        12,
        null,
        1,
        1,
        null,
        1,
        1,
        null,
        null,
        null,
        1,
        3,
        1,
        1,
        1,
        null,
        1,
        1,
        1,
        null,
        null,
        null,
        1,
        1,
        1,
        1,
        null,
        null,
        null,
        1,
        1,
        1,
        1,
        1,
        null,
        null,
        null,
        1,
        1,
        2,
        1,
        1,
        1,
        null,
        null,
        null,
        null,
        null,
        1,
        1,
        1,
        3,
        null,
        null,
        null,
        null,
        1,
        1,
        1,
        null,
        null,
        1,
        1,
        1,
        1,
        1,
        null,
        null,
        1,
        1,
        1,
        null,
        null,
        null,
        null,
        1,
        1,
        1,
        1,
        1,
        null,
        null,
        null,
        1,
        1,
        1,
        null,
        null,
        null
      ],
      "/Users/tamal/Documents/University/ums1/app/controllers/students_controller.rb": [
        null,
        null,
        1,
        1,
        1,
        1,
        1,
        null,
        null,
        1,
        2,
        2,
        0,
        0,
        0,
        0,
        null,
        2,
        2,
        2,
        null,
        null,
        null,
        1,
        1,
        null,
        null,
        1,
        1,
        null,
        null,
        1,
        1,
        1,
        1,
        null,
        0,
        null,
        null,
        null,
        1,
        3,
        null,
        3,
        3,
        null,
        0,
        null,
        null,
        null,
        1,
        2,
        2,
        2,
        2,
        null,
        null,
        1,
        null,
        1,
        4,
        null,
        null
      ],
      "/Users/tamal/Documents/University/ums1/spec/models/course_spec.rb": [
        null,
        null,
        1,
        1,
        1,
        2,
        2,
        2,
        2,
        null
      ],
      "/Users/tamal/Documents/University/ums1/spec/models/department_spec.rb": [
        null,
        null,
        1,
        1,
        1,
        null,
        2,
        2,
        2,
        2,
        2,
        null
      ],
      "/Users/tamal/Documents/University/ums1/spec/models/faculty_spec.rb": [
        null,
        null,
        1,
        1,
        1,
        null,
        2,
        2,
        2,
        2,
        null,
        null
      ],
      "/Users/tamal/Documents/University/ums1/spec/models/student_spec.rb": [
        null,
        null,
        1,
        1,
        1,
        null,
        2,
        2,
        2,
        2,
        2,
        2,
        null,
        null
      ],
      "/Users/tamal/Documents/University/ums1/app/models/registration.rb": [
        null,
        null,
        1,
        1,
        1,
        null
      ]
    },
    "timestamp": 1574933017
  }
}
